<?xml version='1.0' encoding='UTF-8'?>
<testsuite hostname="Der-Rechenr" name="com.onairentertainment.RandomServiceSpec" tests="1" errors="0" failures="0" skipped="0" time="0.306" timestamp="2022-02-14T15:20:22">
                     <properties>
[...]
</properties>
                     <testcase classname="com.onairentertainment.RandomServiceSpec" name="RandomService.apply should return a correct result using the given random instance" time="0.306">
                                                 
                                               </testcase>
                     <system-out><![CDATA[]]></system-out>
                     <system-err><![CDATA[]]></system-err>
                   </testsuite>